{"/Users/seung/Documents/hack-reactor/front-end-capstone/Proxy-Server-DP/server/app.js": {"path":"/Users/seung/Documents/hack-reactor/front-end-capstone/Proxy-Server-DP/server/app.js","statementMap":{"0":{"start":{"line":2,"column":16},"end":{"line":2,"column":34}},"1":{"start":{"line":3,"column":15},"end":{"line":3,"column":32}},"2":{"start":{"line":4,"column":14},"end":{"line":4,"column":35}},"3":{"start":{"line":5,"column":13},"end":{"line":5,"column":28}},"4":{"start":{"line":7,"column":12},"end":{"line":7,"column":21}},"5":{"start":{"line":9,"column":0},"end":{"line":9,"column":23}},"6":{"start":{"line":11,"column":0},"end":{"line":11,"column":67}},"7":{"start":{"line":11,"column":27},"end":{"line":11,"column":65}},"8":{"start":{"line":13,"column":0},"end":{"line":13,"column":90}},"9":{"start":{"line":16,"column":0},"end":{"line":24,"column":3}},"10":{"start":{"line":17,"column":2},"end":{"line":23,"column":7}},"11":{"start":{"line":18,"column":22},"end":{"line":18,"column":37}},"12":{"start":{"line":19,"column":18},"end":{"line":19,"column":32}},"13":{"start":{"line":21,"column":6},"end":{"line":21,"column":31}},"14":{"start":{"line":22,"column":6},"end":{"line":22,"column":26}},"15":{"start":{"line":26,"column":0},"end":{"line":34,"column":3}},"16":{"start":{"line":27,"column":2},"end":{"line":33,"column":7}},"17":{"start":{"line":28,"column":22},"end":{"line":28,"column":37}},"18":{"start":{"line":29,"column":18},"end":{"line":29,"column":32}},"19":{"start":{"line":31,"column":6},"end":{"line":31,"column":31}},"20":{"start":{"line":32,"column":6},"end":{"line":32,"column":26}},"21":{"start":{"line":36,"column":0},"end":{"line":44,"column":3}},"22":{"start":{"line":37,"column":2},"end":{"line":43,"column":7}},"23":{"start":{"line":38,"column":22},"end":{"line":38,"column":37}},"24":{"start":{"line":39,"column":18},"end":{"line":39,"column":32}},"25":{"start":{"line":41,"column":6},"end":{"line":41,"column":31}},"26":{"start":{"line":42,"column":6},"end":{"line":42,"column":26}},"27":{"start":{"line":46,"column":0},"end":{"line":54,"column":3}},"28":{"start":{"line":47,"column":2},"end":{"line":53,"column":7}},"29":{"start":{"line":48,"column":22},"end":{"line":48,"column":37}},"30":{"start":{"line":49,"column":18},"end":{"line":49,"column":32}},"31":{"start":{"line":51,"column":6},"end":{"line":51,"column":31}},"32":{"start":{"line":52,"column":6},"end":{"line":52,"column":26}},"33":{"start":{"line":56,"column":0},"end":{"line":56,"column":21}}},"fnMap":{"0":{"name":"(anonymous_0)","decl":{"start":{"line":11,"column":13},"end":{"line":11,"column":14}},"loc":{"start":{"line":11,"column":27},"end":{"line":11,"column":65}},"line":11},"1":{"name":"(anonymous_1)","decl":{"start":{"line":16,"column":49},"end":{"line":16,"column":50}},"loc":{"start":{"line":16,"column":63},"end":{"line":24,"column":1}},"line":16},"2":{"name":"(anonymous_2)","decl":{"start":{"line":18,"column":10},"end":{"line":18,"column":11}},"loc":{"start":{"line":18,"column":22},"end":{"line":18,"column":37}},"line":18},"3":{"name":"(anonymous_3)","decl":{"start":{"line":19,"column":10},"end":{"line":19,"column":11}},"loc":{"start":{"line":19,"column":18},"end":{"line":19,"column":32}},"line":19},"4":{"name":"(anonymous_4)","decl":{"start":{"line":20,"column":11},"end":{"line":20,"column":12}},"loc":{"start":{"line":20,"column":20},"end":{"line":23,"column":5}},"line":20},"5":{"name":"(anonymous_5)","decl":{"start":{"line":26,"column":21},"end":{"line":26,"column":22}},"loc":{"start":{"line":26,"column":35},"end":{"line":34,"column":1}},"line":26},"6":{"name":"(anonymous_6)","decl":{"start":{"line":28,"column":10},"end":{"line":28,"column":11}},"loc":{"start":{"line":28,"column":22},"end":{"line":28,"column":37}},"line":28},"7":{"name":"(anonymous_7)","decl":{"start":{"line":29,"column":10},"end":{"line":29,"column":11}},"loc":{"start":{"line":29,"column":18},"end":{"line":29,"column":32}},"line":29},"8":{"name":"(anonymous_8)","decl":{"start":{"line":30,"column":11},"end":{"line":30,"column":12}},"loc":{"start":{"line":30,"column":20},"end":{"line":33,"column":5}},"line":30},"9":{"name":"(anonymous_9)","decl":{"start":{"line":36,"column":19},"end":{"line":36,"column":20}},"loc":{"start":{"line":36,"column":33},"end":{"line":44,"column":1}},"line":36},"10":{"name":"(anonymous_10)","decl":{"start":{"line":38,"column":10},"end":{"line":38,"column":11}},"loc":{"start":{"line":38,"column":22},"end":{"line":38,"column":37}},"line":38},"11":{"name":"(anonymous_11)","decl":{"start":{"line":39,"column":10},"end":{"line":39,"column":11}},"loc":{"start":{"line":39,"column":18},"end":{"line":39,"column":32}},"line":39},"12":{"name":"(anonymous_12)","decl":{"start":{"line":40,"column":11},"end":{"line":40,"column":12}},"loc":{"start":{"line":40,"column":20},"end":{"line":43,"column":5}},"line":40},"13":{"name":"(anonymous_13)","decl":{"start":{"line":46,"column":30},"end":{"line":46,"column":31}},"loc":{"start":{"line":46,"column":44},"end":{"line":54,"column":1}},"line":46},"14":{"name":"(anonymous_14)","decl":{"start":{"line":48,"column":10},"end":{"line":48,"column":11}},"loc":{"start":{"line":48,"column":22},"end":{"line":48,"column":37}},"line":48},"15":{"name":"(anonymous_15)","decl":{"start":{"line":49,"column":10},"end":{"line":49,"column":11}},"loc":{"start":{"line":49,"column":18},"end":{"line":49,"column":32}},"line":49},"16":{"name":"(anonymous_16)","decl":{"start":{"line":50,"column":11},"end":{"line":50,"column":12}},"loc":{"start":{"line":50,"column":20},"end":{"line":53,"column":5}},"line":50}},"branchMap":{},"s":{"0":1,"1":1,"2":1,"3":1,"4":1,"5":1,"6":1,"7":1,"8":1,"9":1,"10":0,"11":0,"12":0,"13":0,"14":0,"15":1,"16":0,"17":0,"18":0,"19":0,"20":0,"21":1,"22":0,"23":0,"24":0,"25":0,"26":0,"27":1,"28":0,"29":0,"30":0,"31":0,"32":0,"33":1},"f":{"0":1,"1":0,"2":0,"3":0,"4":0,"5":0,"6":0,"7":0,"8":0,"9":0,"10":0,"11":0,"12":0,"13":0,"14":0,"15":0,"16":0},"b":{},"_coverageSchema":"332fd63041d2c1bcb487cc26dd0d5f7d97098a6c","hash":"19af9d5cdc6aa270ce225076bf35abbe2b4fd24d"}
}
