TN:
SF:/Users/seung/Documents/hack-reactor/front-end-capstone/Proxy-Server-DP/server/app.js
FN:11,(anonymous_0)
FN:16,(anonymous_1)
FN:18,(anonymous_2)
FN:19,(anonymous_3)
FN:20,(anonymous_4)
FN:26,(anonymous_5)
FN:28,(anonymous_6)
FN:29,(anonymous_7)
FN:30,(anonymous_8)
FN:36,(anonymous_9)
FN:38,(anonymous_10)
FN:39,(anonymous_11)
FN:40,(anonymous_12)
FN:46,(anonymous_13)
FN:48,(anonymous_14)
FN:49,(anonymous_15)
FN:50,(anonymous_16)
FNF:17
FNH:1
FNDA:1,(anonymous_0)
FNDA:0,(anonymous_1)
FNDA:0,(anonymous_2)
FNDA:0,(anonymous_3)
FNDA:0,(anonymous_4)
FNDA:0,(anonymous_5)
FNDA:0,(anonymous_6)
FNDA:0,(anonymous_7)
FNDA:0,(anonymous_8)
FNDA:0,(anonymous_9)
FNDA:0,(anonymous_10)
FNDA:0,(anonymous_11)
FNDA:0,(anonymous_12)
FNDA:0,(anonymous_13)
FNDA:0,(anonymous_14)
FNDA:0,(anonymous_15)
FNDA:0,(anonymous_16)
DA:2,1
DA:3,1
DA:4,1
DA:5,1
DA:7,1
DA:9,1
DA:11,1
DA:13,1
DA:16,1
DA:17,0
DA:18,0
DA:19,0
DA:21,0
DA:22,0
DA:26,1
DA:27,0
DA:28,0
DA:29,0
DA:31,0
DA:32,0
DA:36,1
DA:37,0
DA:38,0
DA:39,0
DA:41,0
DA:42,0
DA:46,1
DA:47,0
DA:48,0
DA:49,0
DA:51,0
DA:52,0
DA:56,1
LF:33
LH:13
BRF:0
BRH:0
end_of_record
